1612670733939	geckodriver	INFO	Listening on 127.0.0.1:50223
1612670737065	mozrunner::runner	INFO	Running command: "C:\\Program Files\\Mozilla Firefox\\firefox.exe" "--marionette" "-foreground" "-no-remote" "-profile" "C:\\Users\\91741\\AppData\\Local\\Temp\\rust_mozprofilehdmv9Y"
console.warn: SearchSettings: "get: No settings file exists, new profile?" (new Error("", "(unknown module)"))
1612670757613	Marionette	INFO	Listening on port 50231
1612670761234	Marionette	WARN	TLS certificate errors will be ignored for this session
1612670761497	Marionette	ERROR	[15] No reply from Marionette:Register
console.warn: SearchSettings: "get: No settings file exists, new profile?" (new Error("", "(unknown module)"))
1612670776744	Marionette	WARN	Ignoring event 'pageshow' because document has an invalid readyState of 'uninitialized'.
[Parent 12048, IPC I/O Parent] WARNING: file /builds/worker/checkouts/gecko/ipc/chromium/src/base/process_util_win.cc:167
1612670973607	Marionette	INFO	Stopped listening on port 50231

###!!! [Child][RunMessage] Error: Channel closing: too late to send/recv, messages will be lost

e.warn: SearchSettings: "get: No settings file exists, new profile?" (new Error("", "(unknown module)"))
1612670845680	Marionette	INFO	Listening on port 50360
1612670846303	Marionette	WARN	TLS certificate errors will be ignored for this session
1612670846320	Marionette	ERROR	[15] No reply from Marionette:Register
console.warn: SearchSettings: "get: No settings file exists, new profile?" (new Error("", "(unknown module)"))
1612670852504	Marionette	WARN	Ignoring event 'pageshow' because document has an invalid readyState of 'uninitialized'.
[Parent 13052, IPC I/O Parent] WARNING: file /builds/worker/checkouts/gecko/ipc/chromium/src/base/process_util_win.cc:167
[Parent 13052, IPC I/O Parent] WARNING: file /builds/worker/checkouts/gecko/ipc/chromium/src/base/process_util_win.cc:167
1612670882406	Marionette	INFO	Stopped listening on port 50360

###!!! [Child][RunMessage] Error: Channel closing: too late to send/recv, messages will be lost

1612752272196	geckodriver	INFO	Listening on 127.0.0.1:51595
1612752275386	mozrunner::runner	INFO	Running command: "C:\\Program Files\\Mozilla Firefox\\firefox.exe" "--marionette" "-foreground" "-no-remote" "-profile" "C:\\Users\\91741\\AppData\\Local\\Temp\\rust_mozprofileICAxn1"
console.warn: SearchSettings: "get: No settings file exists, new profile?" (new Error("", "(unknown module)"))
1612752295801	Marionette	INFO	Listening on port 51604
console.warn: SearchSettings: "get: No settings file exists, new profile?" (new Error("", "(unknown module)"))
1612752296669	Marionette	WARN	TLS certificate errors will be ignored for this session
1612752296716	Marionette	ERROR	[18] No reply from Marionette:Register
1612752304386	Marionette	WARN	Ignoring event 'pageshow' because document has an invalid readyState of 'uninitialized'.
1612752318760	Marionette	INFO	Stopped listening on port 51604

###!!! [Child][RunMessage] Error: Channel closing: too late to send/recv, messages will be lost

1612753143711	geckodriver	INFO	Listening on 127.0.0.1:51835
1612753146974	mozrunner::runner	INFO	Running command: "C:\\Program Files\\Mozilla Firefox\\firefox.exe" "--marionette" "-foreground" "-no-remote" "-profile" "C:\\Users\\91741\\AppData\\Local\\Temp\\rust_mozprofiler9cNig"
console.warn: SearchSettings: "get: No settings file exists, new profile?" (new Error("", "(unknown module)"))
console.error: Region.jsm: "Error fetching region" (new Error("TIMEOUT", "resource://gre/modules/Region.jsm", 775))
console.error: Region.jsm: "Failed to fetch region" (new Error("TIMEOUT", "resource://gre/modules/Region.jsm", 422))
1612753167895	Marionette	INFO	Listening on port 51843
1612753168476	Marionette	WARN	TLS certificate errors will be ignored for this session
1612753168522	Marionette	ERROR	[18] No reply from Marionette:Register
1612753195384	Marionette	WARN	Ignoring event 'pageshow' because document has an invalid readyState of 'uninitialized'.
[Parent 13120, IPC I/O Parent] WARNING: file /builds/worker/checkouts/gecko/ipc/chromium/src/base/process_util_win.cc:167
[Parent 13120, IPC I/O Parent] WARNING: file /builds/worker/checkouts/gecko/ipc/chromium/src/base/process_util_win.cc:167
1612753226190	Marionette	INFO	Stopped listening on port 51843

###!!! [Child][RunMessage] Error: Channel closing: too late to send/recv, messages will be lost

1612834877990	geckodriver	INFO	Listening on 127.0.0.1:50859
1612834881207	mozrunner::runner	INFO	Running command: "C:\\Program Files\\Mozilla Firefox\\firefox.exe" "--marionette" "-foreground" "-no-remote" "-profile" "C:\\Users\\91741\\AppData\\Local\\Temp\\rust_mozprofilevuQh29"
console.warn: SearchSettings: "get: No settings file exists, new profile?" (new Error("", "(unknown module)"))
console.error: Region.jsm: "Error fetching region" (new AbortError("The operation was aborted. ", (void 0), 773))
console.error: Region.jsm: "Failed to fetch region" (new Error("NO_RESULT", "resource://gre/modules/Region.jsm", 422))
1612834908024	Marionette	INFO	Listening on port 50869
1612834909015	Marionette	WARN	TLS certificate errors will be ignored for this session
1612834909310	Marionette	ERROR	[15] No reply from Marionette:Register
JavaScript error: , line 0: NS_ERROR_NOT_AVAILABLE
[Parent 4136, IPC I/O Parent] WARNING: file /builds/worker/checkouts/gecko/ipc/chromium/src/base/process_util_win.cc:167
1612836451379	Marionette	INFO	Stopped listening on port 50869

###!!! [Child][RunMessage] Error: Channel closing: too late to send/recv, messages will be lost

1612836473859	geckodriver	INFO	Listening on 127.0.0.1:51109
1612836477097	mozrunner::runner	INFO	Running command: "C:\\Program Files\\Mozilla Firefox\\firefox.exe" "--marionette" "-foreground" "-no-remote" "-profile" "C:\\Users\\91741\\AppData\\Local\\Temp\\rust_mozprofileeOZz0I"
console.warn: SearchSettings: "get: No settings file exists, new profile?" (new Error("", "(unknown module)"))
1612836487535	Marionette	INFO	Listening on port 51117
1612836488015	Marionette	WARN	TLS certificate errors will be ignored for this session
1612836488037	Marionette	ERROR	[15] No reply from Marionette:Register
console.warn: SearchSettings: "get: No settings file exists, new profile?" (new Error("", "(unknown module)"))
[Parent 9516, IPC I/O Parent] WARNING: file /builds/worker/checkouts/gecko/ipc/chromium/src/base/process_util_win.cc:167
1612836943562	Marionette	INFO	Stopped listening on port 51117
1612837223165	geckodriver	INFO	Listening on 127.0.0.1:51238
1612837226262	mozrunner::runner	INFO	Running command: "C:\\Program Files\\Mozilla Firefox\\firefox.exe" "--marionette" "-foreground" "-no-remote" "-profile" "C:\\Users\\91741\\AppData\\Local\\Temp\\rust_mozprofilexLhR4i"
console.warn: SearchSettings: "get: No settings file exists, new profile?" (new Error("", "(unknown module)"))
1612837231562	Marionette	INFO	Listening on port 51247
1612837231653	Marionette	WARN	TLS certificate errors will be ignored for this session
1612837231672	Marionette	ERROR	[18] No reply from Marionette:Register
console.warn: SearchSettings: "get: No settings file exists, new profile?" (new Error("", "(unknown module)"))
JavaScript error: resource://gre/modules/UrlClassifierListManager.jsm, line 691: TypeError: this.tablesData[table] is undefined
JavaScript error: resource://activity-stream/lib/ASRouter.jsm, line 987: NS_ERROR_ILLEGAL_VALUE: Component returned failure code: 0x80070057 (NS_ERROR_ILLEGAL_VALUE) [nsIObserverService.removeObserver]
[Parent 5180, IPC I/O Parent] WARNING: file /builds/worker/checkouts/gecko/ipc/chromium/src/base/process_util_win.cc:167
1612837240760	Marionette	INFO	Stopped listening on port 51247

###!!! [Child][RunMessage] Error: Channel closing: too late to send/recv, messages will be lost

